<?xml version="1.0" encoding="utf-8"?><testsuites name="pytest tests"><testsuite name="pytest" errors="0" failures="0" skipped="0" tests="11" time="1.936" timestamp="2026-02-05T03:25:00.806383+00:00" hostname="agent-env-8ca63c20-a0ab-49ac-a73b-abbf658bbf9a"><testcase classname="backend.tests.test_i18n_analytics.TestHealthEndpoints" name="test_health_endpoint" time="0.068" /><testcase classname="backend.tests.test_i18n_analytics.TestHealthEndpoints" name="test_root_endpoint" time="0.038" /><testcase classname="backend.tests.test_i18n_analytics.TestAnalyticsTracking" name="test_track_page_view" time="0.043" /><testcase classname="backend.tests.test_i18n_analytics.TestAnalyticsTracking" name="test_track_page_view_with_metadata" time="0.039" /><testcase classname="backend.tests.test_i18n_analytics.TestAnalyticsTracking" name="test_track_different_pages" time="0.200" /><testcase classname="backend.tests.test_i18n_analytics.TestAdminAuthentication" name="test_admin_login" time="0.258" /><testcase classname="backend.tests.test_i18n_analytics.TestAdminAuthentication" name="test_admin_me_endpoint" time="0.309" /><testcase classname="backend.tests.test_i18n_analytics.TestAdminAnalytics" name="test_admin_analytics_endpoint" time="0.308" /><testcase classname="backend.tests.test_i18n_analytics.TestAdminAnalytics" name="test_admin_analytics_requires_auth" time="0.038" /><testcase classname="backend.tests.test_i18n_analytics.TestAdminAnalytics" name="test_admin_analytics_requires_admin_role" time="0.262" /><testcase classname="backend.tests.test_i18n_analytics.TestAdminUsers" name="test_admin_users_list" time="0.303" /></testsuite></testsuites>