<?xml version="1.0" encoding="utf-8"?><testsuites name="pytest tests"><testsuite name="pytest" errors="0" failures="1" skipped="0" tests="11" time="2.082" timestamp="2026-02-05T03:22:41.266274+00:00" hostname="agent-env-8ca63c20-a0ab-49ac-a73b-abbf658bbf9a"><testcase classname="backend.tests.test_i18n_analytics.TestHealthEndpoints" name="test_health_endpoint" time="0.076" /><testcase classname="backend.tests.test_i18n_analytics.TestHealthEndpoints" name="test_root_endpoint" time="0.039" /><testcase classname="backend.tests.test_i18n_analytics.TestAnalyticsTracking" name="test_track_page_view" time="0.045" /><testcase classname="backend.tests.test_i18n_analytics.TestAnalyticsTracking" name="test_track_page_view_with_metadata" time="0.079" /><testcase classname="backend.tests.test_i18n_analytics.TestAnalyticsTracking" name="test_track_different_pages" time="0.201" /><testcase classname="backend.tests.test_i18n_analytics.TestAdminAuthentication" name="test_admin_login" time="0.262" /><testcase classname="backend.tests.test_i18n_analytics.TestAdminAuthentication" name="test_admin_me_endpoint" time="0.308" /><testcase classname="backend.tests.test_i18n_analytics.TestAdminAnalytics" name="test_admin_analytics_endpoint" time="0.309" /><testcase classname="backend.tests.test_i18n_analytics.TestAdminAnalytics" name="test_admin_analytics_requires_auth" time="0.038"><failure message="assert 403 == 401&#10; +  where 403 = &lt;Response [403]&gt;.status_code">backend/tests/test_i18n_analytics.py:202: in test_admin_analytics_requires_auth
    assert response.status_code == 401
E   assert 403 == 401
E    +  where 403 = &lt;Response [403]&gt;.status_code</failure></testcase><testcase classname="backend.tests.test_i18n_analytics.TestAdminAnalytics" name="test_admin_analytics_requires_admin_role" time="0.274" /><testcase classname="backend.tests.test_i18n_analytics.TestAdminUsers" name="test_admin_users_list" time="0.304" /></testsuite></testsuites>